<testsuite failures="0" name="src/test/java/featurefiles/KarateTestSuite-06.feature" skipped="0" tests="1" time="0.014005">
  <testcase classname="src.test.java.featurefiles.KarateTestSuite-06" name="Karate Test Case 1" time="0.014005">
    <system-out>* def a = 10 .............................................................. passed
* def b = 20 .............................................................. passed
* assert a == 10 &amp;&amp; b == 20 ............................................... passed
* print "After assert" .................................................... passed</system-out>
  </testcase>
</testsuite>
