<testsuite failures="0" name="src/test/java/featurefiles/KarateTestSuite-07.feature" skipped="0" tests="1" time="0.015026">
  <testcase classname="src.test.java.featurefiles.KarateTestSuite-07" name="Data type validation Test Case 1" time="0.015026">
    <system-out>* def a = 10 .............................................................. passed
* def b = "Karate" ........................................................ passed
* def c = true ............................................................ passed
* match a == "#number" .................................................... passed
* match b == "#string" .................................................... passed
* match c == "#boolean" ................................................... passed</system-out>
  </testcase>
</testsuite>
