<testsuite failures="0" name="src/test/java/featurefiles/karate01.feature" skipped="0" tests="1" time="0.043408">
  <testcase classname="src.test.java.featurefiles.karate01" name="Karate Test Case 1" time="0.043408">
    <system-out>Given def a = 10 .......................................................... passed
And def b = 20 ............................................................ passed
When def c = a + b ........................................................ passed
Then assert c == 30 ....................................................... passed
And print "c = ", c ....................................................... passed
And karate.log("END of the Test1") ........................................ passed</system-out>
  </testcase>
</testsuite>
