<testsuite failures="0" name="src/test/java/featurefiles/KarateTestSuite-23_Using_ConfigFile.feature" skipped="0" tests="1" time="0.682234">
  <testcase classname="src.test.java.featurefiles.KarateTestSuite-23_Using_ConfigFile" name="Karate Config Test Case" time="0.682234">
    <system-out>Given url baseUrl ......................................................... passed
And path listUsers ........................................................ passed
When method get ........................................................... passed
Then status 200 ........................................................... passed
* print response .......................................................... passed</system-out>
  </testcase>
</testsuite>
