<testsuite failures="0" name="src/test/java/featurefiles/KarateTestSuite-04_SOAP_API.feature" skipped="0" tests="1" time="1.273014">
  <testcase classname="src.test.java.featurefiles.KarateTestSuite-04_SOAP_API" name="Soap API Test Case 2" time="1.273014">
    <system-out>Given url "http://www.dneonline.com/calculator.asmx" ...................... passed
And header Content-Type =  "text/xml; charset=utf-8" ...................... passed
And request ............................................................... passed
When soap action "http://tempuri.org/Add" ................................. passed
Then status 200 ........................................................... passed
* print responseHeaders ................................................... passed
* print responseHeaders["Server"] ......................................... passed
* print responseHeaders["Server"][0] ...................................... passed
* match responseHeaders["Server"] == [ "Microsoft-IIS/8.0"] ............... passed
* match responseHeaders["X-AspNet-Version"][0] == "2.0.50727" ............. passed
* match responseHeaders["Server"][0] == "Microsoft-IIS/8.0" ............... passed
* print responseType ...................................................... passed
* match responseType == "xml" ............................................. passed
* print response .......................................................... passed
* match response contains "50" ............................................ passed
* match response //AddResult == 50 ........................................ passed
* print responseTime ...................................................... passed
* assert responseTime &lt; 1000 .............................................. passed
* print responseStatus .................................................... passed</system-out>
  </testcase>
</testsuite>
