<testsuite failures="0" name="src/test/java/featurefiles/KarateTestSuite-22_Kafka_3.feature" skipped="0" tests="8" time="1.534428">
  <testcase classname="src.test.java.featurefiles.KarateTestSuite-22_Kafka_3" name="Creating Consumer" time="0.420265">
    <system-out>Given url "http://192.168.1.62:8082" ...................................... passed
Given path "/consumers/my-consumer-group" ................................. passed
And request ............................................................... passed
And header Content-Type = "application/vnd.kafka.json.v2+json" ............ passed
When method post .......................................................... passed
Then status 200 ........................................................... passed
* print response .......................................................... passed
* match response.instance_id == "dhanaraju_consumer" ...................... passed
* def consumer_url = response.base_uri .................................... passed
* print consumer_url ...................................................... passed</system-out>
  </testcase>
  <testcase classname="src.test.java.featurefiles.KarateTestSuite-22_Kafka_3" name="Subscribing to topic" time="0.017762">
    <system-out>Given url "http://192.168.1.62:8082" ...................................... passed
Given path "/consumers/my-consumer-group" ................................. passed
And request ............................................................... passed
And header Content-Type = "application/vnd.kafka.json.v2+json" ............ passed
When method post .......................................................... passed
Then status 200 ........................................................... passed
* print response .......................................................... passed
* match response.instance_id == "dhanaraju_consumer" ...................... passed
* def consumer_url = response.base_uri .................................... passed
* print consumer_url ...................................................... passed
Given url "http://192.168.1.62:8082" ...................................... passed
Given path "/consumers/my-consumer-group/instances/dhanaraju_consumer/subscription" . passed
And request ............................................................... passed
And header Content-Type = "application/vnd.kafka.v2+json" ................. passed
When method post .......................................................... passed
Then status 204 ........................................................... passed</system-out>
  </testcase>
  <testcase classname="src.test.java.featurefiles.KarateTestSuite-22_Kafka_3" name="Getting Subscription" time="0.030049">
    <system-out>Given url "http://192.168.1.62:8082" ...................................... passed
Given path "/consumers/my-consumer-group" ................................. passed
And request ............................................................... passed
And header Content-Type = "application/vnd.kafka.json.v2+json" ............ passed
When method post .......................................................... passed
Then status 200 ........................................................... passed
* print response .......................................................... passed
* match response.instance_id == "dhanaraju_consumer" ...................... passed
* def consumer_url = response.base_uri .................................... passed
* print consumer_url ...................................................... passed
Given url "http://192.168.1.62:8082" ...................................... passed
Given path "/consumers/my-consumer-group/instances/dhanaraju_consumer/subscription" . passed
And request ............................................................... passed
And header Content-Type = "application/vnd.kafka.v2+json" ................. passed
When method post .......................................................... passed
Then status 204 ........................................................... passed
Given url "http://192.168.1.62:8082" ...................................... passed
Given path "/consumers/my-consumer-group/instances/dhanaraju_consumer/subscription" . passed
And header Accept = "application/vnd.kafka.v2+json" ....................... passed
When method get ........................................................... passed
Then status 200 ........................................................... passed
* print response .......................................................... passed
* assert response.topics[0] == "dhana_topic" .............................. passed</system-out>
  </testcase>
  <testcase classname="src.test.java.featurefiles.KarateTestSuite-22_Kafka_3" name="Getting Subscription records" time="1.016788">
    <system-out>Given url "http://192.168.1.62:8082" ...................................... passed
Given path "/consumers/my-consumer-group" ................................. passed
And request ............................................................... passed
And header Content-Type = "application/vnd.kafka.json.v2+json" ............ passed
When method post .......................................................... passed
Then status 200 ........................................................... passed
* print response .......................................................... passed
* match response.instance_id == "dhanaraju_consumer" ...................... passed
* def consumer_url = response.base_uri .................................... passed
* print consumer_url ...................................................... passed
Given url "http://192.168.1.62:8082" ...................................... passed
Given path "/consumers/my-consumer-group/instances/dhanaraju_consumer/subscription" . passed
And request ............................................................... passed
And header Content-Type = "application/vnd.kafka.v2+json" ................. passed
When method post .......................................................... passed
Then status 204 ........................................................... passed
Given url "http://192.168.1.62:8082" ...................................... passed
Given path "/consumers/my-consumer-group/instances/dhanaraju_consumer/subscription" . passed
And header Accept = "application/vnd.kafka.v2+json" ....................... passed
When method get ........................................................... passed
Then status 200 ........................................................... passed
* print response .......................................................... passed
* assert response.topics[0] == "dhana_topic" .............................. passed
Given url "http://192.168.1.62:8082" ...................................... passed
Given path "/consumers/my-consumer-group/instances/dhanaraju_consumer/records" . passed
And param timeout = 3000 .................................................. passed
And param max_bytes = 300000 .............................................. passed
And header Accept = "application/vnd.kafka.json.v2+json" .................. passed
When method get ........................................................... passed
Then status 200 ........................................................... passed
* print response .......................................................... passed</system-out>
  </testcase>
  <testcase classname="src.test.java.featurefiles.KarateTestSuite-22_Kafka_3" name="Getting assigned Assignments" time="0.012548">
    <system-out>Given url "http://192.168.1.62:8082" ...................................... passed
Given path "/consumers/my-consumer-group" ................................. passed
And request ............................................................... passed
And header Content-Type = "application/vnd.kafka.json.v2+json" ............ passed
When method post .......................................................... passed
Then status 200 ........................................................... passed
* print response .......................................................... passed
* match response.instance_id == "dhanaraju_consumer" ...................... passed
* def consumer_url = response.base_uri .................................... passed
* print consumer_url ...................................................... passed
Given url "http://192.168.1.62:8082" ...................................... passed
Given path "/consumers/my-consumer-group/instances/dhanaraju_consumer/subscription" . passed
And request ............................................................... passed
And header Content-Type = "application/vnd.kafka.v2+json" ................. passed
When method post .......................................................... passed
Then status 204 ........................................................... passed
Given url "http://192.168.1.62:8082" ...................................... passed
Given path "/consumers/my-consumer-group/instances/dhanaraju_consumer/subscription" . passed
And header Accept = "application/vnd.kafka.v2+json" ....................... passed
When method get ........................................................... passed
Then status 200 ........................................................... passed
* print response .......................................................... passed
* assert response.topics[0] == "dhana_topic" .............................. passed
Given url "http://192.168.1.62:8082" ...................................... passed
Given path "/consumers/my-consumer-group/instances/dhanaraju_consumer/records" . passed
And param timeout = 3000 .................................................. passed
And param max_bytes = 300000 .............................................. passed
And header Accept = "application/vnd.kafka.json.v2+json" .................. passed
When method get ........................................................... passed
Then status 200 ........................................................... passed
* print response .......................................................... passed
Given url "http://192.168.1.62:8082" ...................................... passed
Given path "/consumers/my-consumer-group/instances/dhanaraju_consumer/assignments" . passed
And header Accept = "application/vnd.kafka.v2+json" ....................... passed
When method get ........................................................... passed
Then status 200 ........................................................... passed
* print response .......................................................... passed
* assert response.partitions[0].topic == "dhana_topic" .................... passed</system-out>
  </testcase>
  <testcase classname="src.test.java.featurefiles.KarateTestSuite-22_Kafka_3" name="Deleting assigned subscription" time="0.010236">
    <system-out>Given url "http://192.168.1.62:8082" ...................................... passed
Given path "/consumers/my-consumer-group" ................................. passed
And request ............................................................... passed
And header Content-Type = "application/vnd.kafka.json.v2+json" ............ passed
When method post .......................................................... passed
Then status 200 ........................................................... passed
* print response .......................................................... passed
* match response.instance_id == "dhanaraju_consumer" ...................... passed
* def consumer_url = response.base_uri .................................... passed
* print consumer_url ...................................................... passed
Given url "http://192.168.1.62:8082" ...................................... passed
Given path "/consumers/my-consumer-group/instances/dhanaraju_consumer/subscription" . passed
And request ............................................................... passed
And header Content-Type = "application/vnd.kafka.v2+json" ................. passed
When method post .......................................................... passed
Then status 204 ........................................................... passed
Given url "http://192.168.1.62:8082" ...................................... passed
Given path "/consumers/my-consumer-group/instances/dhanaraju_consumer/subscription" . passed
And header Accept = "application/vnd.kafka.v2+json" ....................... passed
When method get ........................................................... passed
Then status 200 ........................................................... passed
* print response .......................................................... passed
* assert response.topics[0] == "dhana_topic" .............................. passed
Given url "http://192.168.1.62:8082" ...................................... passed
Given path "/consumers/my-consumer-group/instances/dhanaraju_consumer/records" . passed
And param timeout = 3000 .................................................. passed
And param max_bytes = 300000 .............................................. passed
And header Accept = "application/vnd.kafka.json.v2+json" .................. passed
When method get ........................................................... passed
Then status 200 ........................................................... passed
* print response .......................................................... passed
Given url "http://192.168.1.62:8082" ...................................... passed
Given path "/consumers/my-consumer-group/instances/dhanaraju_consumer/assignments" . passed
And header Accept = "application/vnd.kafka.v2+json" ....................... passed
When method get ........................................................... passed
Then status 200 ........................................................... passed
* print response .......................................................... passed
* assert response.partitions[0].topic == "dhana_topic" .................... passed
Given url "http://192.168.1.62:8082" ...................................... passed
Given path "/consumers/my-consumer-group/instances/dhanaraju_consumer/subscription" . passed
And header Accept = "application/vnd.kafka.v2+json" ....................... passed
When method delete ........................................................ passed
Then status 204 ........................................................... passed</system-out>
  </testcase>
  <testcase classname="src.test.java.featurefiles.KarateTestSuite-22_Kafka_3" name="Deleting consumer" time="0.012957">
    <system-out>Given url "http://192.168.1.62:8082" ...................................... passed
Given path "/consumers/my-consumer-group" ................................. passed
And request ............................................................... passed
And header Content-Type = "application/vnd.kafka.json.v2+json" ............ passed
When method post .......................................................... passed
Then status 200 ........................................................... passed
* print response .......................................................... passed
* match response.instance_id == "dhanaraju_consumer" ...................... passed
* def consumer_url = response.base_uri .................................... passed
* print consumer_url ...................................................... passed
Given url "http://192.168.1.62:8082" ...................................... passed
Given path "/consumers/my-consumer-group/instances/dhanaraju_consumer/subscription" . passed
And request ............................................................... passed
And header Content-Type = "application/vnd.kafka.v2+json" ................. passed
When method post .......................................................... passed
Then status 204 ........................................................... passed
Given url "http://192.168.1.62:8082" ...................................... passed
Given path "/consumers/my-consumer-group/instances/dhanaraju_consumer/subscription" . passed
And header Accept = "application/vnd.kafka.v2+json" ....................... passed
When method get ........................................................... passed
Then status 200 ........................................................... passed
* print response .......................................................... passed
* assert response.topics[0] == "dhana_topic" .............................. passed
Given url "http://192.168.1.62:8082" ...................................... passed
Given path "/consumers/my-consumer-group/instances/dhanaraju_consumer/records" . passed
And param timeout = 3000 .................................................. passed
And param max_bytes = 300000 .............................................. passed
And header Accept = "application/vnd.kafka.json.v2+json" .................. passed
When method get ........................................................... passed
Then status 200 ........................................................... passed
* print response .......................................................... passed
Given url "http://192.168.1.62:8082" ...................................... passed
Given path "/consumers/my-consumer-group/instances/dhanaraju_consumer/assignments" . passed
And header Accept = "application/vnd.kafka.v2+json" ....................... passed
When method get ........................................................... passed
Then status 200 ........................................................... passed
* print response .......................................................... passed
* assert response.partitions[0].topic == "dhana_topic" .................... passed
Given url "http://192.168.1.62:8082" ...................................... passed
Given path "/consumers/my-consumer-group/instances/dhanaraju_consumer/subscription" . passed
And header Accept = "application/vnd.kafka.v2+json" ....................... passed
When method delete ........................................................ passed
Then status 204 ........................................................... passed
Given url "http://192.168.1.62:8082" ...................................... passed
Given path "/consumers/my-consumer-group/instances/dhanaraju_consumer" .... passed
And header Accept = "application/vnd.kafka.v2+json" ....................... passed
When method delete ........................................................ passed
Then status 204 ........................................................... passed</system-out>
  </testcase>
  <testcase classname="src.test.java.featurefiles.KarateTestSuite-22_Kafka_3" name="Deleting consumer - Negative Test Case" time="0.013824">
    <system-out>Given url "http://192.168.1.62:8082" ...................................... passed
Given path "/consumers/my-consumer-group" ................................. passed
And request ............................................................... passed
And header Content-Type = "application/vnd.kafka.json.v2+json" ............ passed
When method post .......................................................... passed
Then status 200 ........................................................... passed
* print response .......................................................... passed
* match response.instance_id == "dhanaraju_consumer" ...................... passed
* def consumer_url = response.base_uri .................................... passed
* print consumer_url ...................................................... passed
Given url "http://192.168.1.62:8082" ...................................... passed
Given path "/consumers/my-consumer-group/instances/dhanaraju_consumer/subscription" . passed
And request ............................................................... passed
And header Content-Type = "application/vnd.kafka.v2+json" ................. passed
When method post .......................................................... passed
Then status 204 ........................................................... passed
Given url "http://192.168.1.62:8082" ...................................... passed
Given path "/consumers/my-consumer-group/instances/dhanaraju_consumer/subscription" . passed
And header Accept = "application/vnd.kafka.v2+json" ....................... passed
When method get ........................................................... passed
Then status 200 ........................................................... passed
* print response .......................................................... passed
* assert response.topics[0] == "dhana_topic" .............................. passed
Given url "http://192.168.1.62:8082" ...................................... passed
Given path "/consumers/my-consumer-group/instances/dhanaraju_consumer/records" . passed
And param timeout = 3000 .................................................. passed
And param max_bytes = 300000 .............................................. passed
And header Accept = "application/vnd.kafka.json.v2+json" .................. passed
When method get ........................................................... passed
Then status 200 ........................................................... passed
* print response .......................................................... passed
Given url "http://192.168.1.62:8082" ...................................... passed
Given path "/consumers/my-consumer-group/instances/dhanaraju_consumer/assignments" . passed
And header Accept = "application/vnd.kafka.v2+json" ....................... passed
When method get ........................................................... passed
Then status 200 ........................................................... passed
* print response .......................................................... passed
* assert response.partitions[0].topic == "dhana_topic" .................... passed
Given url "http://192.168.1.62:8082" ...................................... passed
Given path "/consumers/my-consumer-group/instances/dhanaraju_consumer/subscription" . passed
And header Accept = "application/vnd.kafka.v2+json" ....................... passed
When method delete ........................................................ passed
Then status 204 ........................................................... passed
Given url "http://192.168.1.62:8082" ...................................... passed
Given path "/consumers/my-consumer-group/instances/dhanaraju_consumer" .... passed
And header Accept = "application/vnd.kafka.v2+json" ....................... passed
When method delete ........................................................ passed
Then status 204 ........................................................... passed
Given url "http://192.168.1.62:8082" ...................................... passed
Given path "/consumers/my-consumer-group/instances/dhanaraju_consumer" .... passed
And header Accept = "application/vnd.kafka.v2+json" ....................... passed
When method delete ........................................................ passed
Then status 404 ........................................................... passed
* assert response.message == "Consumer instance not found." ............... passed</system-out>
  </testcase>
</testsuite>
