<testsuite failures="0" name="src/test/java/featurefiles/CallingFeature.feature" skipped="0" tests="1" time="1.154057">
  <testcase classname="src.test.java.featurefiles.CallingFeature" name="Calling Feature Test Case 1" time="1.154057">
    <system-out>* def result = call read("CalledFeature.feature") ......................... passed
* print result ............................................................ passed
* assert result.response.string._ == "104" ................................ passed</system-out>
  </testcase>
</testsuite>
