<testsuite failures="0" name="featurefiles/KarateTestSuite-09_SOAP_API.feature" skipped="0" tests="1" time="0.31699">
  <testcase classname="featurefiles.KarateTestSuite-09_SOAP_API" name="Soap API Test Case 1" time="0.31699">
    <system-out>Given url "https://www.w3schools.com/xml/tempconvert.asmx" ................ passed
And header Content-Type =  "text/xml; charset=utf-8" ...................... passed
And request read("soapinputdata.xml") ..................................... passed
When soap action "https://www.w3schools.com/xml/CelsiusToFahrenheit" ...... passed
Then status 200 ........................................................... passed
* print responseHeaders ................................................... passed
* print responseHeaders["Server"] ......................................... passed
* print responseHeaders["Server"][0] ...................................... passed
* match responseHeaders["Server"] == [ "Microsoft-IIS/7.5"] ............... passed
* match responseHeaders["Server"][0] == "Microsoft-IIS/7.5" ............... passed
* print responseType ...................................................... passed
* match responseType == "xml" ............................................. passed
* print response .......................................................... passed
* match response contains "98.6" .......................................... passed
* match response //CelsiusToFahrenheitResult == 98.6 ...................... passed
* print responseTime ...................................................... passed
* assert responseTime &lt; 1000 .............................................. passed
* print responseStatus .................................................... passed</system-out>
  </testcase>
</testsuite>
