<testsuite failures="0" name="featurefiles/KarateTestSuite-01.feature" skipped="0" tests="3" time="0.057286">
  <testcase classname="featurefiles.KarateTestSuite-01" name="Karate Test Case 1" time="0.024136">
    <system-out>Given def a = 10 .......................................................... passed
And def b = 20 ............................................................ passed
When def c = a + b ........................................................ passed
Then assert c == 30 ....................................................... passed
And print "c = ", c ....................................................... passed
And karate.log("END of the Test1") ........................................ passed</system-out>
  </testcase>
  <testcase classname="featurefiles.KarateTestSuite-01" name="Karate Test Case 2" time="0.021073">
    <system-out>Given def a = 10 .......................................................... passed
And def b = 20 ............................................................ passed
When def c = a + b ........................................................ passed
Then assert c == 30 ....................................................... passed
And print "c = ", c ....................................................... passed
And karate.log("END of the Test1") ........................................ passed
Given def a = 10 .......................................................... passed
* def b = 20 .............................................................. passed
When def c = a + b ........................................................ passed
Then assert c == 30 ....................................................... passed
* print "c = ", c ......................................................... passed
* karate.log("END of the Test 2") ......................................... passed</system-out>
  </testcase>
  <testcase classname="featurefiles.KarateTestSuite-01" name="Karate Test Case 3" time="0.012077">
    <system-out>Given def a = 10 .......................................................... passed
And def b = 20 ............................................................ passed
When def c = a + b ........................................................ passed
Then assert c == 30 ....................................................... passed
And print "c = ", c ....................................................... passed
And karate.log("END of the Test1") ........................................ passed
Given def a = 10 .......................................................... passed
* def b = 20 .............................................................. passed
When def c = a + b ........................................................ passed
Then assert c == 30 ....................................................... passed
* print "c = ", c ......................................................... passed
* karate.log("END of the Test 2") ......................................... passed
* def a = 10 .............................................................. passed
* def b = 20 .............................................................. passed
* def c = a + b ........................................................... passed
* assert c == 30 .......................................................... passed
* print "c = ", c ......................................................... passed
* karate.log("END of the Test 3") ......................................... passed</system-out>
  </testcase>
</testsuite>
