<testsuite failures="0" name="featurefiles/KarateTestSuite-08.feature" skipped="0" tests="1" time="0.013515">
  <testcase classname="featurefiles.KarateTestSuite-08" name="Regular Expression validation Test Case 1" time="0.013515">
    <system-out>* def a = "10" ............................................................ passed
* def b = "Karate" ........................................................ passed
* def c = "Karate Framework Tutorial" ..................................... passed
* match a == "#regex [0-9]+" .............................................. passed
* match a == "#regex \\d+" ................................................ passed
* match b == "#regex \\w+" ................................................ passed
* match b == "#regex [A-Z][a-z]+" ......................................... passed
* match c == "#regex [A-Za-z\\s?]+" ....................................... passed
* match c == "#regex (\\w+\\s?)+" ......................................... passed</system-out>
  </testcase>
</testsuite>
